<?xml version="1.0" encoding="UTF-8"?>
<coverage generated="1756850020324" clover="3.2.0">
  <project timestamp="1756850020324" name="All files">
    <metrics statements="11" coveredstatements="8" conditionals="16" coveredconditionals="14" methods="2" coveredmethods="1" elements="29" coveredelements="23" complexity="0" loc="11" ncloc="11" packages="2" files="3" classes="3"/>
    <package name="app">
      <metrics statements="7" coveredstatements="4" conditionals="4" coveredconditionals="2" methods="2" coveredmethods="1"/>
      <file name="layout.tsx" path="/Users/ricovelasco/Documents/devprojects/party-game/apps/portal/src/app/layout.tsx">
        <metrics statements="3" coveredstatements="0" conditionals="0" coveredconditionals="0" methods="1" coveredmethods="0"/>
        <line num="2" count="0" type="stmt"/>
        <line num="4" count="0" type="stmt"/>
        <line num="9" count="0" type="stmt"/>
      </file>
      <file name="page.tsx" path="/Users/ricovelasco/Documents/devprojects/party-game/apps/portal/src/app/page.tsx">
        <metrics statements="4" coveredstatements="4" conditionals="4" coveredconditionals="2" methods="1" coveredmethods="1"/>
        <line num="1" count="1" type="stmt"/>
        <line num="2" count="1" type="stmt"/>
        <line num="3" count="1" type="stmt"/>
        <line num="5" count="6" type="stmt"/>
      </file>
    </package>
    <package name="lib">
      <metrics statements="4" coveredstatements="4" conditionals="12" coveredconditionals="12" methods="0" coveredmethods="0"/>
      <file name="config.ts" path="/Users/ricovelasco/Documents/devprojects/party-game/apps/portal/src/lib/config.ts">
        <metrics statements="4" coveredstatements="4" conditionals="12" coveredconditionals="12" methods="0" coveredmethods="0"/>
        <line num="2" count="7" type="stmt"/>
        <line num="3" count="7" type="stmt"/>
        <line num="5" count="18" type="stmt"/>
        <line num="42" count="7" type="stmt"/>
      </file>
    </package>
  </project>
</coverage>
