{"/Users/ricovelasco/Documents/devprojects/party-game/apps/portal/src/app/layout.tsx": {"path":"/Users/ricovelasco/Documents/devprojects/party-game/apps/portal/src/app/layout.tsx","statementMap":{"0":{"start":{"line":9,"column":24},"end":{"line":9,"column":35}},"1":{"start":{"line":4,"column":13},"end":{"line":4,"column":34}},"2":{"start":{"line":2,"column":7},"end":{"line":2,"column":null}},"3":{"start":{"line":4,"column":34},"end":{"line":7,"column":null}}},"fnMap":{"0":{"name":"RootLayout","decl":{"start":{"line":9,"column":24},"end":{"line":9,"column":35}},"loc":{"start":{"line":13,"column":1},"end":{"line":21,"column":null}}}},"branchMap":{},"s":{"0":0,"1":0,"2":0,"3":0},"f":{"0":0},"b":{}}
,"/Users/ricovelasco/Documents/devprojects/party-game/apps/portal/src/app/page.tsx": {"path":"/Users/ricovelasco/Documents/devprojects/party-game/apps/portal/src/app/page.tsx","statementMap":{"0":{"start":{"line":5,"column":24},"end":{"line":5,"column":null}},"1":{"start":{"line":1,"column":48},"end":{"line":1,"column":null}},"2":{"start":{"line":2,"column":18},"end":{"line":2,"column":null}},"3":{"start":{"line":3,"column":19},"end":{"line":3,"column":null}}},"fnMap":{"0":{"name":"Home","decl":{"start":{"line":5,"column":24},"end":{"line":5,"column":null}},"loc":{"start":{"line":5,"column":24},"end":{"line":123,"column":null}}}},"branchMap":{"0":{"loc":{"start":{"line":55,"column":17},"end":{"line":55,"column":null}},"type":"cond-expr","locations":[{"start":{"line":55,"column":52},"end":{"line":55,"column":67}},{"start":{"line":55,"column":67},"end":{"line":55,"column":null}}]},"1":{"loc":{"start":{"line":95,"column":17},"end":{"line":95,"column":null}},"type":"cond-expr","locations":[{"start":{"line":95,"column":52},"end":{"line":95,"column":67}},{"start":{"line":95,"column":67},"end":{"line":95,"column":null}}]}},"s":{"0":6,"1":1,"2":1,"3":1},"f":{"0":6},"b":{"0":[6,0],"1":[6,0]}}
,"/Users/ricovelasco/Documents/devprojects/party-game/apps/portal/src/lib/config.ts": {"path":"/Users/ricovelasco/Documents/devprojects/party-game/apps/portal/src/lib/config.ts","statementMap":{"0":{"start":{"line":5,"column":13},"end":{"line":5,"column":22}},"1":{"start":{"line":42,"column":0},"end":{"line":42,"column":15}},"2":{"start":{"line":2,"column":22},"end":{"line":2,"column":null}},"3":{"start":{"line":3,"column":17},"end":{"line":3,"column":null}},"4":{"start":{"line":5,"column":22},"end":{"line":40,"column":null}},"5":{"start":{"line":42,"column":15},"end":{"line":42,"column":null}}},"fnMap":{},"branchMap":{"0":{"loc":{"start":{"line":8,"column":15},"end":{"line":12,"column":null}},"type":"cond-expr","locations":[{"start":{"line":9,"column":8},"end":{"line":9,"column":33}},{"start":{"line":10,"column":8},"end":{"line":12,"column":null}}]},"1":{"loc":{"start":{"line":10,"column":8},"end":{"line":12,"column":null}},"type":"cond-expr","locations":[{"start":{"line":11,"column":10},"end":{"line":11,"column":44}},{"start":{"line":12,"column":10},"end":{"line":12,"column":null}}]},"2":{"loc":{"start":{"line":14,"column":17},"end":{"line":18,"column":null}},"type":"cond-expr","locations":[{"start":{"line":15,"column":8},"end":{"line":15,"column":33}},{"start":{"line":16,"column":8},"end":{"line":18,"column":null}}]},"3":{"loc":{"start":{"line":16,"column":8},"end":{"line":18,"column":null}},"type":"cond-expr","locations":[{"start":{"line":17,"column":10},"end":{"line":17,"column":46}},{"start":{"line":18,"column":10},"end":{"line":18,"column":null}}]},"4":{"loc":{"start":{"line":20,"column":12},"end":{"line":24,"column":null}},"type":"cond-expr","locations":[{"start":{"line":21,"column":8},"end":{"line":21,"column":33}},{"start":{"line":22,"column":8},"end":{"line":24,"column":null}}]},"5":{"loc":{"start":{"line":22,"column":8},"end":{"line":24,"column":null}},"type":"cond-expr","locations":[{"start":{"line":23,"column":10},"end":{"line":23,"column":43}},{"start":{"line":24,"column":10},"end":{"line":24,"column":null}}]}},"s":{"0":18,"1":0,"2":7,"3":7,"4":7,"5":7},"f":{},"b":{"0":[2,5],"1":[2,3],"2":[2,5],"3":[2,3],"4":[2,5],"5":[2,3]}}
}
