TN:
SF:src/app/layout.tsx
FN:9,RootLayout
FNF:1
FNH:0
FNDA:0,RootLayout
DA:2,0
DA:4,0
DA:9,0
LF:3
LH:0
BRF:0
BRH:0
end_of_record
TN:
SF:src/app/page.tsx
FN:5,Home
FNF:1
FNH:1
FNDA:6,Home
DA:1,1
DA:2,1
DA:3,1
DA:5,6
LF:4
LH:4
BRDA:55,0,0,6
BRDA:55,0,1,0
BRDA:95,1,0,6
BRDA:95,1,1,0
BRF:4
BRH:2
end_of_record
TN:
SF:src/lib/config.ts
FNF:0
FNH:0
DA:2,7
DA:3,7
DA:5,18
DA:42,7
LF:4
LH:4
BRDA:8,0,0,2
BRDA:8,0,1,5
BRDA:10,1,0,2
BRDA:10,1,1,3
BRDA:14,2,0,2
BRDA:14,2,1,5
BRDA:16,3,0,2
BRDA:16,3,1,3
BRDA:20,4,0,2
BRDA:20,4,1,5
BRDA:22,5,0,2
BRDA:22,5,1,3
BRF:12
BRH:12
end_of_record
